<?xml version="1.0" encoding="UTF-8"?>
<testsuite xmlns:xsi="http://www.w3.org/2001/XMLSchema-instance" xsi:noNamespaceSchemaLocation="https://maven.apache.org/surefire/maven-surefire-plugin/xsd/surefire-test-report.xsd" name="info.tsubame.dev.tool.vnb.service.VnbServiceTest" time="0.045" tests="26" errors="0" skipped="0" failures="0">
  <properties>
[...]
</properties>
  <testcase name="build_001" classname="info.tsubame.dev.tool.vnb.service.VnbServiceTest" time="0.001"/>
  <testcase name="build_002" classname="info.tsubame.dev.tool.vnb.service.VnbServiceTest" time="0.002"/>
  <testcase name="build_003" classname="info.tsubame.dev.tool.vnb.service.VnbServiceTest" time="0.002"/>
  <testcase name="build_004" classname="info.tsubame.dev.tool.vnb.service.VnbServiceTest" time="0.002"/>
  <testcase name="build_005" classname="info.tsubame.dev.tool.vnb.service.VnbServiceTest" time="0.003"/>
  <testcase name="build_006" classname="info.tsubame.dev.tool.vnb.service.VnbServiceTest" time="0.002"/>
  <testcase name="build_007" classname="info.tsubame.dev.tool.vnb.service.VnbServiceTest" time="0.002"/>
  <testcase name="build_008" classname="info.tsubame.dev.tool.vnb.service.VnbServiceTest" time="0.001"/>
  <testcase name="build_009" classname="info.tsubame.dev.tool.vnb.service.VnbServiceTest" time="0.001"/>
  <testcase name="build_010" classname="info.tsubame.dev.tool.vnb.service.VnbServiceTest" time="0.001"/>
  <testcase name="build_011" classname="info.tsubame.dev.tool.vnb.service.VnbServiceTest" time="0.002"/>
  <testcase name="build_012" classname="info.tsubame.dev.tool.vnb.service.VnbServiceTest" time="0.002"/>
  <testcase name="build_013" classname="info.tsubame.dev.tool.vnb.service.VnbServiceTest" time="0.001"/>
  <testcase name="build_014" classname="info.tsubame.dev.tool.vnb.service.VnbServiceTest" time="0.001"/>
  <testcase name="build_015" classname="info.tsubame.dev.tool.vnb.service.VnbServiceTest" time="0.001"/>
  <testcase name="build_016" classname="info.tsubame.dev.tool.vnb.service.VnbServiceTest" time="0.001"/>
  <testcase name="build_017" classname="info.tsubame.dev.tool.vnb.service.VnbServiceTest" time="0.001"/>
  <testcase name="build_018" classname="info.tsubame.dev.tool.vnb.service.VnbServiceTest" time="0.002"/>
  <testcase name="build_019" classname="info.tsubame.dev.tool.vnb.service.VnbServiceTest" time="0.002"/>
  <testcase name="build_020" classname="info.tsubame.dev.tool.vnb.service.VnbServiceTest" time="0.001"/>
  <testcase name="build_021" classname="info.tsubame.dev.tool.vnb.service.VnbServiceTest" time="0.001"/>
  <testcase name="build_022" classname="info.tsubame.dev.tool.vnb.service.VnbServiceTest" time="0.001"/>
  <testcase name="build_023" classname="info.tsubame.dev.tool.vnb.service.VnbServiceTest" time="0.001"/>
  <testcase name="build_024" classname="info.tsubame.dev.tool.vnb.service.VnbServiceTest" time="0.001"/>
  <testcase name="build_025" classname="info.tsubame.dev.tool.vnb.service.VnbServiceTest" time="0.002"/>
  <testcase name="build_026" classname="info.tsubame.dev.tool.vnb.service.VnbServiceTest" time="0.001"/>
</testsuite>